<?xml version="1.0" encoding="UTF-8"?>
<!-- Generated by org.testng.reporters.JUnitXMLReporter -->
<testsuite hostname="ERGO02" ignored="3" name="Default test" tests="5" failures="0" timestamp="2022-01-04T12:44:13 IST" time="40.859" errors="0">
  <testcase name="signUpProcess" time="3.921" classname="com.test.demoblaze.TestCasesExecution"/>
  <testcase name="LoginProcess" time="1.21" classname="com.test.demoblaze.TestCasesExecution"/>
  <testcase name="signOutProcess" time="5.164" classname="com.test.demoblaze.TestCasesExecution"/>
  <testcase name="placeOrderRequest" time="20.928" classname="com.test.demoblaze.TestCasesExecution"/>
  <testcase name="closeBrowser" time="0.083" classname="com.test.demoblaze.TestCasesExecution"/>
  <testcase name="@BeforeSuite setUp" time="0.0" classname="com.common.classes.ExtentReport">
    <ignored/>
  </testcase> <!-- @BeforeSuite setUp -->
  <testcase name="@BeforeTest browserOpen" time="0.0" classname="com.common.classes.BrowserInit">
    <ignored/>
  </testcase> <!-- @BeforeTest browserOpen -->
  <testcase name="@BeforeTest browserOpen" time="0.0" classname="com.common.classes.BrowserInit">
    <ignored/>
  </testcase> <!-- @BeforeTest browserOpen -->
</testsuite> <!-- Default test -->
