<?xml version="1.0" encoding="UTF-8"?>
<!-- Generated by org.testng.reporters.JUnitXMLReporter -->
<testsuite ignored="2" hostname="ERGO02" failures="0" tests="5" name="Test" time="40.502" errors="0" timestamp="2022-01-04T13:17:49 IST">
  <testcase classname="com.test.demoblaze.TestCasesExecution" name="signUpProcess" time="4.062"/>
  <testcase classname="com.test.demoblaze.TestCasesExecution" name="LoginProcess" time="1.236"/>
  <testcase classname="com.test.demoblaze.TestCasesExecution" name="signOutProcess" time="5.954"/>
  <testcase classname="com.test.demoblaze.TestCasesExecution" name="placeOrderRequest" time="19.412"/>
  <testcase classname="com.test.demoblaze.TestCasesExecution" name="closeBrowser" time="0.092"/>
  <testcase classname="com.common.classes.ExtentReport" name="@BeforeSuite setUp" time="0.0">
    <ignored/>
  </testcase> <!-- @BeforeSuite setUp -->
  <testcase classname="com.common.classes.BrowserInit" name="@BeforeTest browserOpen" time="0.0">
    <ignored/>
  </testcase> <!-- @BeforeTest browserOpen -->
</testsuite> <!-- Test -->
